<?xml version="1.0" encoding="UTF-8"?>
<!-- Generated by org.testng.reporters.JUnitReportReporter -->
<testsuite skipped="0" hostname="saffron-H81M-S" name="com.qa.testCases.LoginPageTest" tests="6" failures="0" timestamp="15 Feb 2019 11:22:22 GMT" time="479.694" errors="0">
  <testcase name="loginTest" time="55.270" classname="com.qa.testCases.LoginPageTest"/>
  <testcase name="loginpageValidationTest" time="45.190" classname="com.qa.testCases.LoginPageTest"/>
  <testcase name="inValidEmailTest" time="137.157" classname="com.qa.testCases.LoginPageTest"/>
  <testcase name="loginWithNotMatchedRecoredsTest" time="45.424" classname="com.qa.testCases.LoginPageTest"/>
  <testcase name="forgotPasswordTest" time="141.946" classname="com.qa.testCases.LoginPageTest"/>
  <testcase name="ForgotPasswordToLoginPopUpSwitchTest" time="54.707" classname="com.qa.testCases.LoginPageTest"/>
</testsuite> <!-- com.qa.testCases.LoginPageTest -->
