<?xml version="1.0" encoding="UTF-8"?>
<!-- Generated by org.testng.reporters.JUnitReportReporter -->
<testsuite skipped="0" hostname="saffron-H81M-S" name="com.qa.testCases.SignUpPageTest" tests="1" failures="0" timestamp="15 Feb 2019 10:42:19 GMT" time="49.241" errors="0">
  <testcase name="SignUpPopUpTest" time="49.241" classname="com.qa.testCases.SignUpPageTest"/>
</testsuite> <!-- com.qa.testCases.SignUpPageTest -->
